{
  "RSpec": {
    "coverage": {
      "/home/kallionpetri/Documents/RubyProjects/ShoppingList/config/environment.rb": [
        null,
        1,
        null,
        null,
        1
      ],
      "/home/kallionpetri/Documents/RubyProjects/ShoppingList/config/application.rb": [
        1,
        null,
        1,
        null,
        null,
        null,
        1,
        null,
        1,
        1,
        null,
        null,
        null,
        null,
        null,
        null,
        null,
        null,
        null,
        null,
        null,
        null,
        null,
        1,
        null,
        null
      ],
      "/home/kallionpetri/Documents/RubyProjects/ShoppingList/config/boot.rb": [
        1,
        null,
        1
      ],
      "/home/kallionpetri/Documents/RubyProjects/ShoppingList/config/environments/test.rb": [
        1,
        null,
        null,
        null,
        null,
        null,
        null,
        1,
        null,
        null,
        null,
        null,
        1,
        null,
        null,
        1,
        1,
        null,
        null,
        1,
        1,
        null,
        null,
        1,
        null,
        null,
        1,
        null,
        null,
        null,
        null,
        1,
        null,
        null,
        1,
        null,
        null,
        1,
        null,
        null,
        null,
        null
      ],
      "/home/kallionpetri/Documents/RubyProjects/ShoppingList/config/initializers/assets.rb": [
        null,
        null,
        null,
        1,
        null,
        null,
        null,
        null,
        null,
        null,
        null
      ],
      "/home/kallionpetri/Documents/RubyProjects/ShoppingList/config/initializers/backtrace_silencers.rb": [
        null,
        null,
        null,
        null,
        null,
        null,
        null
      ],
      "/home/kallionpetri/Documents/RubyProjects/ShoppingList/config/initializers/cookies_serializer.rb": [
        null,
        null,
        1
      ],
      "/home/kallionpetri/Documents/RubyProjects/ShoppingList/config/initializers/filter_parameter_logging.rb": [
        null,
        null,
        null,
        1
      ],
      "/home/kallionpetri/Documents/RubyProjects/ShoppingList/config/initializers/inflections.rb": [
        null,
        null,
        null,
        null,
        null,
        null,
        null,
        null,
        null,
        null,
        null,
        null,
        null,
        null,
        null,
        null
      ],
      "/home/kallionpetri/Documents/RubyProjects/ShoppingList/config/initializers/mime_types.rb": [
        null,
        null,
        null,
        null
      ],
      "/home/kallionpetri/Documents/RubyProjects/ShoppingList/config/initializers/session_store.rb": [
        null,
        null,
        1
      ],
      "/home/kallionpetri/Documents/RubyProjects/ShoppingList/config/initializers/wrap_parameters.rb": [
        null,
        null,
        null,
        null,
        null,
        null,
        1,
        1,
        null,
        null,
        null,
        null,
        null,
        null
      ],
      "/home/kallionpetri/Documents/RubyProjects/ShoppingList/spec/factories.rb": [
        1,
        1,
        1,
        1,
        1,
        1,
        1,
        1,
        null,
        null,
        1,
        1,
        1,
        null,
        null,
        1,
        1,
        null,
        null,
        1,
        1,
        null,
        null,
        1,
        1,
        1,
        null,
        null,
        1,
        1,
        1,
        null,
        null
      ],
      "/home/kallionpetri/Documents/RubyProjects/ShoppingList/app/models/product.rb": [
        1,
        1,
        null,
        1,
        null
      ],
      "/home/kallionpetri/Documents/RubyProjects/ShoppingList/app/models/purchase.rb": [
        1,
        1,
        1,
        null,
        1,
        1,
        null,
        1,
        null
      ],
      "/home/kallionpetri/Documents/RubyProjects/ShoppingList/config/routes.rb": [
        1,
        1,
        null,
        1,
        null,
        1,
        1,
        null,
        null,
        1,
        1,
        1,
        null,
        null,
        1,
        null,
        1,
        1,
        1,
        1,
        1,
        null,
        1,
        null,
        null,
        null,
        null,
        null,
        null,
        null,
        null,
        null,
        null,
        null,
        null,
        null,
        null,
        null,
        null,
        null,
        null,
        null,
        null,
        null,
        null,
        null,
        null,
        null,
        null,
        null,
        null,
        null,
        null,
        null,
        null,
        null,
        null,
        null,
        null,
        null,
        null,
        null,
        null,
        null,
        null,
        null,
        null,
        null,
        null,
        null,
        null,
        null,
        null,
        null,
        null,
        null,
        null,
        null
      ],
      "/home/kallionpetri/Documents/RubyProjects/ShoppingList/app/helpers/application_helper.rb": [
        1,
        null
      ],
      "/home/kallionpetri/Documents/RubyProjects/ShoppingList/app/helpers/lists_helper.rb": [
        1,
        null
      ],
      "/home/kallionpetri/Documents/RubyProjects/ShoppingList/app/helpers/products_helper.rb": [
        1,
        null
      ],
      "/home/kallionpetri/Documents/RubyProjects/ShoppingList/app/helpers/users_helper.rb": [
        1,
        null
      ],
      "/home/kallionpetri/Documents/RubyProjects/ShoppingList/spec/models/product_spec.rb": [
        1,
        null,
        1,
        3,
        null,
        1,
        1,
        1,
        null,
        null,
        1,
        1,
        1,
        1,
        1,
        null,
        null,
        1,
        1,
        1,
        1,
        1,
        1,
        null,
        null
      ],
      "/home/kallionpetri/Documents/RubyProjects/ShoppingList/spec/models/purchase_spec.rb": [
        1,
        null,
        1,
        2,
        null,
        1,
        1,
        null,
        null,
        1,
        1,
        1,
        1,
        null,
        null,
        1,
        1,
        1,
        null,
        null,
        null,
        null,
        1,
        2,
        2,
        2,
        null
      ],
      "/home/kallionpetri/Documents/RubyProjects/ShoppingList/spec/models/user_spec.rb": [
        1,
        null,
        1,
        9,
        null,
        1,
        1,
        1,
        1,
        null,
        null,
        1,
        1,
        null,
        null,
        1,
        1,
        1,
        null,
        null,
        1,
        1,
        1,
        null,
        1,
        1,
        1,
        null,
        null,
        1,
        1,
        1,
        null,
        null,
        1,
        1,
        null,
        null,
        1,
        1,
        null,
        null,
        null,
        1,
        1,
        1,
        null,
        1,
        1,
        1,
        null,
        null,
        1,
        1,
        null,
        1,
        1,
        1,
        null,
        null,
        1,
        1,
        null,
        1,
        1,
        1,
        null,
        null,
        null,
        1,
        1,
        1,
        null,
        null,
        1,
        1,
        null,
        1,
        null,
        null,
        1,
        1,
        1,
        null,
        1,
        null,
        null,
        1,
        1,
        1,
        null,
        1,
        null,
        null,
        null
      ],
      "/home/kallionpetri/Documents/RubyProjects/ShoppingList/app/models/user.rb": [
        1,
        1,
        1,
        null,
        1,
        1,
        1,
        null,
        null,
        1,
        null,
        1,
        24,
        6,
        null,
        null,
        null
      ],
      "/home/kallionpetri/Documents/RubyProjects/ShoppingList/app/models/list.rb": [
        1,
        1,
        1,
        null,
        1,
        1,
        null
      ]
    },
    "timestamp": 1438573335
  }
}
